<?xml version="1.0" encoding="utf-8"?><testsuites name="pytest tests"><testsuite name="pytest" errors="0" failures="0" skipped="0" tests="5" time="0.936" timestamp="2026-04-08T07:24:15.928968+00:00" hostname="agent-env-b7a05a94-abe0-40d0-8dc7-7d1601779b7c"><testcase classname="backend.tests.test_landing_page.TestRoot" name="test_root_returns_hello_world" time="0.238" /><testcase classname="backend.tests.test_landing_page.TestInquiry" name="test_post_inquiry_valid" time="0.113" /><testcase classname="backend.tests.test_landing_page.TestInquiry" name="test_post_inquiry_missing_required_fields" time="0.102" /><testcase classname="backend.tests.test_landing_page.TestInquiry" name="test_get_inquiries" time="0.148" /><testcase classname="backend.tests.test_landing_page.TestInquiry" name="test_post_inquiry_optional_fields" time="0.140" /></testsuite></testsuites>